<?xml version="1.0" encoding="UTF-8"?>
<!-- Generated by org.testng.reporters.JUnitReportReporter -->
<testsuite skipped="0" hostname="LAPTOP-OFIJ2E99" name="com.qa.crm.testcases.CRMLoginPage" tests="4" failures="0" timestamp="2019-08-10T01:21:51 EDT" time="30.758" errors="0">
  <testcase name="LoginIntoCrmTest" time="9.375" classname="com.qa.crm.testcases.CRMLoginPage"/>
  <testcase name="verifycrmLogoTest" time="8.181" classname="com.qa.crm.testcases.CRMLoginPage"/>
  <testcase name="verifyLoginTitleTest" time="6.413" classname="com.qa.crm.testcases.CRMLoginPage"/>
  <testcase name="clickOnSgnUpBtn" time="6.789" classname="com.qa.crm.testcases.CRMLoginPage"/>
</testsuite> <!-- com.qa.crm.testcases.CRMLoginPage -->
