<?xml version="1.0" encoding="UTF-8"?>
<!-- Generated by org.testng.reporters.JUnitReportReporter -->
<testsuite skipped="0" hostname="LAPTOP-OFIJ2E99" name="com.qa.crm.testcases.CRMHomePage" tests="4" failures="0" timestamp="2019-08-17T18:13:47 EDT" time="45.599" errors="0">
  <testcase name="contactsLinkTest" time="10.567" classname="com.qa.crm.testcases.CRMHomePage"/>
  <testcase name="dealsLinkTest" time="10.205" classname="com.qa.crm.testcases.CRMHomePage"/>
  <testcase name="verifyUserNameTest" time="17.166" classname="com.qa.crm.testcases.CRMHomePage"/>
  <testcase name="verifyHomepageTitleTest" time="7.661" classname="com.qa.crm.testcases.CRMHomePage"/>
</testsuite> <!-- com.qa.crm.testcases.CRMHomePage -->
