<?xml version="1.0" encoding="UTF-8"?>
<!-- Generated by org.testng.reporters.JUnitReportReporter -->
<testsuite skipped="0" hostname="LAPTOP-OFIJ2E99" name="com.qa.crm.testcases.CRMContact" tests="6" failures="0" timestamp="2019-08-17T18:13:47 EDT" time="70.875" errors="0">
  <testcase name="clickOncontactTest" time="10.652" classname="com.qa.crm.testcases.CRMContact"/>
  <testcase name="verifyNewContactTest" time="10.473" classname="com.qa.crm.testcases.CRMContact"/>
  <testcase name="verifycontactLebelTest" time="10.724" classname="com.qa.crm.testcases.CRMContact"/>
  <testcase name="verifyCreateContactTest" time="12.884" classname="com.qa.crm.testcases.CRMContact"/>
  <testcase name="verifyCreateContactTest" time="13.180" classname="com.qa.crm.testcases.CRMContact"/>
  <testcase name="verifyCreateContactTest" time="12.962" classname="com.qa.crm.testcases.CRMContact"/>
</testsuite> <!-- com.qa.crm.testcases.CRMContact -->
