<?xml version="1.0" encoding="UTF-8"?>
<!-- Generated by org.testng.reporters.JUnitReportReporter -->
<testsuite skipped="0" hostname="LAPTOP-OFIJ2E99" name="com.qa.crm.testcases.CRMContact" tests="3" failures="0" timestamp="2019-08-10T01:21:51 EDT" time="36.007" errors="0">
  <testcase name="clickOncontactTest" time="9.881" classname="com.qa.crm.testcases.CRMContact"/>
  <testcase name="verifyNewContactTest" time="16.224" classname="com.qa.crm.testcases.CRMContact"/>
  <testcase name="verifycontactLebelTest" time="9.902" classname="com.qa.crm.testcases.CRMContact"/>
</testsuite> <!-- com.qa.crm.testcases.CRMContact -->
