<?xml version="1.0" encoding="UTF-8"?>
<!-- Generated by org.testng.reporters.JUnitReportReporter -->
<testsuite skipped="0" hostname="LAPTOP-OFIJ2E99" name="com.qa.crm.testcases.CRMLoginPage" tests="4" failures="0" timestamp="2019-08-17T18:13:47 EDT" time="33.555" errors="0">
  <testcase name="LoginIntoCrmTest" time="10.045" classname="com.qa.crm.testcases.CRMLoginPage"/>
  <testcase name="verifycrmLogoTest" time="7.044" classname="com.qa.crm.testcases.CRMLoginPage"/>
  <testcase name="verifyLoginTitleTest" time="9.234" classname="com.qa.crm.testcases.CRMLoginPage"/>
  <testcase name="clickOnSgnUpBtn" time="7.232" classname="com.qa.crm.testcases.CRMLoginPage"/>
</testsuite> <!-- com.qa.crm.testcases.CRMLoginPage -->
