<?xml version="1.0" encoding="UTF-8"?>
<!-- Generated by org.testng.reporters.JUnitReportReporter -->
<testsuite skipped="0" hostname="LAPTOP-OFIJ2E99" name="com.qa.crm.testcases.CRMLoginPage" tests="4" failures="0" timestamp="2020-01-09T13:39:55 EST" time="63.767" errors="0">
  <testcase name="LoginIntoCrmTest" time="21.682" classname="com.qa.crm.testcases.CRMLoginPage"/>
  <testcase name="verifycrmLogoTest" time="17.418" classname="com.qa.crm.testcases.CRMLoginPage"/>
  <testcase name="verifyLoginTitleTest" time="12.437" classname="com.qa.crm.testcases.CRMLoginPage"/>
  <testcase name="clickOnSgnUpBtn" time="12.230" classname="com.qa.crm.testcases.CRMLoginPage"/>
</testsuite> <!-- com.qa.crm.testcases.CRMLoginPage -->
