<?xml version="1.0" encoding="UTF-8"?>
<!-- Generated by org.testng.reporters.JUnitReportReporter -->
<testsuite skipped="0" hostname="LAPTOP-OFIJ2E99" name="com.qa.crm.testcases.CRMHomePage" tests="4" failures="0" timestamp="2019-08-10T01:21:51 EDT" time="76.234" errors="0">
  <testcase name="contactsLinkTest" time="10.279" classname="com.qa.crm.testcases.CRMHomePage"/>
  <testcase name="dealsLinkTest" time="8.143" classname="com.qa.crm.testcases.CRMHomePage"/>
  <testcase name="verifyUserNameTest" time="48.476" classname="com.qa.crm.testcases.CRMHomePage"/>
  <testcase name="verifyHomepageTitleTest" time="9.336" classname="com.qa.crm.testcases.CRMHomePage"/>
</testsuite> <!-- com.qa.crm.testcases.CRMHomePage -->
